03/06/2023 11:06:56 PM - ERROR - This 1g1yy33p4n5112793 is invalid
03/06/2023 11:06:56 PM - ERROR - This 1gnscckj9lr106753 is invalid
03/06/2023 11:06:57 PM - ERROR - This 1gnskskd1mr275027 is invalid
03/06/2023 11:06:57 PM - ERROR - This 1g1za5eu9cf388322 is invalid
03/06/2023 11:06:57 PM - ERROR - This 1gnfc33j89r163938 is invalid
03/06/2023 11:06:58 PM - ERROR - This 1g11a5sl5ff126827 is invalid
03/06/2023 11:06:58 PM - ERROR - This 1gnalbek7dz110151 is invalid
03/06/2023 11:06:59 PM - ERROR - This 1G1AY8764BS429549 is invalid
03/06/2023 11:06:59 PM - ERROR - This 1gnek13t93r106658 is invalid
03/06/2023 11:07:00 PM - ERROR - This 2cnaldec2b6255163 is invalid
03/06/2023 11:07:01 PM - ERROR - This 1g1yy25w785122379 is invalid
03/06/2023 11:07:02 PM - ERROR - This 2gnaldek2c6145248 is invalid
03/06/2023 11:07:02 PM - ERROR - This 1g1yy0785f5102342 is invalid
03/06/2023 11:07:02 PM - ERROR - This 1gnskbkc0jr341196 is invalid
03/06/2023 11:07:03 PM - ERROR - This 3gnfk16z35g199894 is invalid
03/06/2023 11:07:03 PM - ERROR - This 1G1YY32P2T5117828 is invalid
03/06/2023 11:07:04 PM - ERROR - This 1gnskhkc3hr300400 is invalid
03/06/2023 11:07:04 PM - ERROR - This 2gnaxhev8j6140932 is invalid
03/06/2023 11:07:04 PM - ERROR - This 1G1YY22P7R5108691 is invalid
03/06/2023 11:07:04 PM - ERROR - This 1g1ze5stxhf275664 is invalid
03/06/2023 11:07:04 PM - ERROR - This 1G1AY0786E5110305 is invalid
03/06/2023 11:07:05 PM - ERROR - This 1Gnek13t4yj202154 is invalid
03/06/2023 11:07:05 PM - ERROR - This 1gnec13t35r255485 is invalid
03/06/2023 11:07:05 PM - ERROR - This 3gnaxlex7ls542188 is invalid
03/06/2023 11:07:05 PM - ERROR - This 1g1yb2d47m5111278 is invalid
03/06/2023 11:07:05 PM - ERROR - This 1gnalaek4fz141094 is invalid
03/06/2023 11:07:06 PM - ERROR - This 1g1ya2dw8d5109267 is invalid
03/06/2023 11:07:06 PM - ERROR - This 2gnaxsev4j6333298 is invalid
03/06/2023 11:07:06 PM - ERROR - This 1gnec13z53j331076 is invalid
03/06/2023 11:07:07 PM - ERROR - This 1Gnskskd6mr221223 is invalid
03/06/2023 11:07:07 PM - ERROR - This 1G1NE52J03m570970 is invalid
03/06/2023 11:07:07 PM - ERROR - This 1G1YY0789G5100661 is invalid
03/06/2023 11:07:08 PM - ERROR - This 1GNSKPKD3MR456725 is invalid
03/06/2023 11:07:08 PM - ERROR - This 1gnek13t61r121809 is invalid
03/06/2023 11:07:08 PM - ERROR - This 1gnfk13087j247266 is invalid
03/06/2023 11:07:09 PM - ERROR - This 1gnec13tx3r163254 is invalid
03/06/2023 11:07:09 PM - ERROR - This 1gnfc13c68r248376 is invalid
03/06/2023 11:07:09 PM - ERROR - This 1g1zd5eb8af305935 is invalid
03/06/2023 11:07:10 PM - ERROR - This 1g1zh57b29f241842 is invalid
03/06/2023 11:07:10 PM - ERROR - This 1g11e5sa4gf136866 is invalid
03/06/2023 11:07:11 PM - ERROR - This 1gnscakc3fr727741 is invalid
03/06/2023 11:07:11 PM - ERROR - This 1g1yy26wx85129423 is invalid
03/06/2023 11:07:13 PM - ERROR - This 1G1YY22PXT5119174 is invalid
03/06/2023 11:07:13 PM - ERROR - This 2gnaldek9d1130034 is invalid
03/06/2023 11:07:13 PM - ERROR - This 1g1yy22g245114536 is invalid
03/06/2023 11:07:13 PM - ERROR - This 1g1ay8765bs424148 is invalid
03/06/2023 11:07:13 PM - ERROR - This 1g1yb2d73e5111340 is invalid
03/06/2023 11:07:14 PM - ERROR - This 1gnskbe05br109745 is invalid
03/06/2023 11:07:14 PM - ERROR - This 1g1yg3dw7b5110105 is invalid
03/06/2023 11:07:15 PM - ERROR - This 1g1zc5eb7a4125652 is invalid
03/06/2023 11:07:15 PM - ERROR - This 1g1ze5stxgf243568 is invalid
03/06/2023 11:07:15 PM - ERROR - This 1g1zD5e71af135087 is invalid
03/06/2023 11:07:15 PM - ERROR - This 3gnec16t11g112749 is invalid
03/06/2023 11:07:16 PM - ERROR - This 1g1zt54855f289112 is invalid
03/06/2023 11:07:16 PM - ERROR - This 2gnfleek1h6233890 is invalid
03/06/2023 11:07:17 PM - ERROR - This 1G8EK16LXGF145734 is invalid
03/06/2023 11:07:17 PM - ERROR - This Kl8cb6s96dc502532 is invalid
03/06/2023 11:07:17 PM - ERROR - This 1gnek13z06j141774 is invalid
03/06/2023 11:07:17 PM - ERROR - This 2cnflcec3b6363243 is invalid
03/06/2023 11:07:17 PM - ERROR - This 1G1Zd5st6jf237471 is invalid
03/06/2023 11:07:18 PM - ERROR - This +1GNEK13Z72J288006 is invalid
03/06/2023 11:07:18 PM - ERROR - This 1G1AY0786E5129758 is invalid
03/06/2023 11:07:19 PM - ERROR - This 1gnek13t45j197145 is invalid
03/06/2023 11:07:19 PM - ERROR - This 1g1zd5st3kf112865 is invalid
03/06/2023 11:07:19 PM - ERROR - This 1g1zs52f55f240304 is invalid
03/06/2023 11:07:19 PM - ERROR - This 1g1ze5eu3bf396001 is invalid
03/06/2023 11:07:20 PM - ERROR - This 1G1AY8780C5122560 is invalid
03/06/2023 11:07:20 PM - ERROR - This 1gnfk16z74j220307 is invalid
03/06/2023 11:07:21 PM - ERROR - This 3gngk16F7xg162151 is invalid
03/06/2023 11:07:21 PM - ERROR - This 1G1YY23P5P5112895 is invalid
03/06/2023 11:07:21 PM - ERROR - This 1G1ze5e17bf361922 is invalid
03/06/2023 11:07:21 PM - ERROR - This 1g1yy36w285117224 is invalid
03/06/2023 11:07:21 PM - ERROR - This 1g1ay8783c5118504 is invalid
03/06/2023 11:07:23 PM - ERROR - This 1g1zj57b49f167375 is invalid
03/06/2023 11:07:23 PM - ERROR - This 1g1ay0785e5122137 is invalid
03/06/2023 11:07:23 PM - ERROR - This 1g1yy22g225134671 is invalid
03/06/2023 11:07:24 PM - ERROR - This 2GnFLEE31D6101182 is invalid
03/06/2023 11:07:24 PM - ERROR - This 3gnfk16t43g170090 is invalid
03/06/2023 11:07:24 PM - ERROR - This 1g11h5sa8du126050 is invalid
03/06/2023 11:07:25 PM - ERROR - This 1g1yy26ex65124131 is invalid
03/06/2023 11:07:25 PM - ERROR - This 1G1Yy26UX75132061 is invalid
03/06/2023 11:07:25 PM - ERROR - This 1gnec13z02r126328 is invalid
03/06/2023 11:07:26 PM - ERROR - This 1G1YY22P6S5105027 is invalid
03/06/2023 11:07:26 PM - ERROR - This 1gnfc16j37j174020 is invalid
03/06/2023 11:07:26 PM - ERROR - This 1G1YY0788G5112235 is invalid
03/06/2023 11:07:26 PM - ERROR - This 1g1yy12sx15131854 is invalid
03/06/2023 11:07:26 PM - ERROR - This 1g1yy6782g5904383 is invalid
03/06/2023 11:07:27 PM - ERROR - This 1G1YY32P8S5100093 is invalid
03/06/2023 11:07:28 PM - ERROR - This 2gnaxkev5l6169840 is invalid
03/06/2023 11:07:29 PM - ERROR - This 1g1yb2d78k5117355 is invalid
03/06/2023 11:07:29 PM - ERROR - This 2gnaxvex5l6122746 is invalid
03/06/2023 11:07:29 PM - ERROR - This 3gnaxkev1ks620875 is invalid
03/06/2023 11:07:30 PM - ERROR - This 1gnskckc7gr137168 is invalid
03/06/2023 11:07:30 PM - ERROR - This 1g1yy26e875100329 is invalid
03/06/2023 11:07:31 PM - ERROR - This 1gnek13tx1r192527 is invalid
03/06/2023 11:07:31 PM - ERROR - This ++1G1ZB5STXHF189327 is invalid
03/06/2023 11:07:32 PM - ERROR - This 1g1zb5e11bf200412 is invalid
03/06/2023 11:07:32 PM - ERROR - This 1gnskke76er107178 is invalid
03/06/2023 11:07:32 PM - ERROR - This 2gnalfek6c6109610 is invalid
03/06/2023 11:07:32 PM - ERROR - This 1gnfk16338j108749 is invalid
03/06/2023 11:07:32 PM - ERROR - This 1g1yd3d70g5115848 is invalid
03/06/2023 11:07:33 PM - ERROR - This 1gnec16tx2j282835 is invalid
03/06/2023 11:07:33 PM - ERROR - This 2gnfleek0f6213949 is invalid
03/06/2023 11:07:33 PM - ERROR - This 1GNSKBE01DRSNR225 is invalid
03/06/2023 11:07:33 PM - ERROR - This 1gnsknkd3mr146529 is invalid
03/06/2023 11:07:34 PM - ERROR - This 1g1nd52j43m520155 is invalid
03/06/2023 11:07:34 PM - ERROR - This 1g1yy22p8s5116028 is invalid
03/06/2023 11:07:34 PM - ERROR - This 3gnaxhevxls527549 is invalid
03/06/2023 11:07:34 PM - ERROR - This 1g1yy24ux55109038 is invalid
03/06/2023 11:07:35 PM - ERROR - This 1gnukhe39ar155714 is invalid
03/06/2023 11:07:35 PM - ERROR - This 3gnaxleu0js545324 is invalid
03/06/2023 11:07:35 PM - ERROR - This 1gnscjkc6fr605603 is invalid
03/06/2023 11:07:35 PM - ERROR - This 1GNSKCKD1MR472124 is invalid
03/06/2023 11:07:35 PM - ERROR - This 2cnflfey4a6382654 is invalid
03/06/2023 11:07:36 PM - ERROR - This 1gnskhkc8gr223442 is invalid
03/06/2023 11:07:36 PM - ERROR - This 1gNEK13T86R109278 is invalid
03/06/2023 11:07:37 PM - ERROR - This 1G1YY0789F5112128 is invalid
03/06/2023 11:07:37 PM - ERROR - This 2gnalcek8f6130669 is invalid
03/06/2023 11:07:37 PM - ERROR - This 1gnskhkc5gr108183 is invalid
03/06/2023 11:07:38 PM - ERROR - This 1G1zk577294175396 is invalid
03/06/2023 11:07:38 PM - ERROR - This 2gnfleek2f6228307 is invalid
03/06/2023 11:07:39 PM - ERROR - This 1G1YY0781G5106602 is invalid
03/06/2023 11:07:39 PM - ERROR - This 1gnskckd1mr416281 is invalid
03/06/2023 11:07:40 PM - ERROR - This 2gnaxkev4k6289160 is invalid
03/06/2023 11:07:42 PM - ERROR - This 1g1ze5e07cf144167 is invalid
03/06/2023 11:07:43 PM - ERROR - This 1gnscjkc4fr170919 is invalid
03/06/2023 11:07:44 PM - ERROR - This 3GneK18r7vg146348 is invalid
03/06/2023 11:07:44 PM - ERROR - This 1gnek13r7vj424719 is invalid
03/06/2023 11:07:45 PM - ERROR - This 2cnalbew3a6320793 is invalid
03/06/2023 11:07:45 PM - ERROR - This 2GNALaEK2F6152753 is invalid
03/06/2023 11:07:45 PM - ERROR - This 3gnec16tx1g216477 is invalid
03/06/2023 11:07:46 PM - ERROR - This 2gnaldek1g6169191 is invalid
03/06/2023 11:07:46 PM - ERROR - This 1g1ze5stxhf248660 is invalid
03/06/2023 11:07:47 PM - ERROR - This 1gnwk5eg9dr246691 is invalid
03/06/2023 11:07:47 PM - ERROR - This 1g1ya2d73h5111197 is invalid
03/06/2023 11:07:48 PM - ERROR - This 1gnfc13j77r113307 is invalid
03/06/2023 11:07:49 PM - ERROR - This 1g1ym3d7xe5400263 is invalid
03/06/2023 11:07:50 PM - ERROR - This 1G11H5Sl8Ef206682 is invalid
03/06/2023 11:07:50 PM - ERROR - This 1g1zc5e04cf370074 is invalid
03/06/2023 11:07:51 PM - ERROR - This 1g1zb5e1xbf162176 is invalid
03/06/2023 11:07:51 PM - ERROR - This 1g1yk2d77g5118293 is invalid
03/06/2023 11:07:51 PM - ERROR - This 2cnflgey5a6253537 is invalid
03/06/2023 11:07:52 PM - ERROR - This 1G1YY23P0P5104073 is invalid
03/06/2023 11:07:52 PM - ERROR - This 1g1yy26w785121604 is invalid
03/06/2023 11:07:53 PM - ERROR - This 1gnfc13538r205664 is invalid
03/06/2023 11:07:54 PM - ERROR - This 1gnfk23029r275011 is invalid
03/06/2023 11:07:54 PM - ERROR - This +1GNFK130X8J150460 is invalid
03/06/2023 11:07:54 PM - ERROR - This 1g1yy218xh5103719 is invalid
03/06/2023 11:07:55 PM - ERROR - This 1G1YY32P1T5119098 is invalid
03/06/2023 11:07:55 PM - ERROR - This 2cnaldew4a6234985 is invalid
03/06/2023 11:07:56 PM - ERROR - This 1gnec16r1xj438224 is invalid
03/06/2023 11:07:56 PM - ERROR - This 1gnskdkd8mr441605 is invalid
03/06/2023 11:07:57 PM - ERROR - This 1gnfk13088r218398 is invalid
03/06/2023 11:07:59 PM - ERROR - This 1g1yy22g8y5123165 is invalid
03/06/2023 11:07:59 PM - ERROR - This 1gngk26n9pj300493 is invalid
03/06/2023 11:08:01 PM - ERROR - This 1g1yn2d6xj5602366 is invalid
03/06/2023 11:08:01 PM - ERROR - This 1gnskke79cr202279 is invalid
03/06/2023 11:19:46 PM - ERROR - This 1gnscckj9lr106753 is invalid
03/06/2023 11:19:47 PM - ERROR - This 1g1yy33p4n5112793 is invalid
03/06/2023 11:19:47 PM - ERROR - This 1gnfc33j89r163938 is invalid
03/06/2023 11:19:47 PM - ERROR - This 1gnskskd1mr275027 is invalid
03/06/2023 11:19:47 PM - ERROR - This 1g1za5eu9cf388322 is invalid
03/06/2023 11:19:48 PM - ERROR - This 1g11a5sl5ff126827 is invalid
03/06/2023 11:19:48 PM - ERROR - This 1gnalbek7dz110151 is invalid
03/06/2023 11:19:49 PM - ERROR - This 1G1AY8764BS429549 is invalid
03/06/2023 11:19:49 PM - ERROR - This 1gnek13t93r106658 is invalid
03/06/2023 11:19:50 PM - ERROR - This 1g1yy25w785122379 is invalid
03/06/2023 11:19:50 PM - ERROR - This 2cnaldec2b6255163 is invalid
03/06/2023 11:19:51 PM - ERROR - This 2gnaldek2c6145248 is invalid
03/06/2023 11:19:51 PM - ERROR - This 1g1yy0785f5102342 is invalid
03/06/2023 11:19:52 PM - ERROR - This 3gnfk16z35g199894 is invalid
03/06/2023 11:19:52 PM - ERROR - This 1gnskbkc0jr341196 is invalid
03/06/2023 11:19:52 PM - ERROR - This 1G1YY32P2T5117828 is invalid
03/06/2023 11:19:53 PM - ERROR - This 1G1YY22P7R5108691 is invalid
03/06/2023 11:19:53 PM - ERROR - This 2gnaxhev8j6140932 is invalid
03/06/2023 11:19:53 PM - ERROR - This 1gnskhkc3hr300400 is invalid
03/06/2023 11:19:54 PM - ERROR - This 1g1ze5stxhf275664 is invalid
03/06/2023 11:19:54 PM - ERROR - This 1G1AY0786E5110305 is invalid
03/06/2023 11:19:54 PM - ERROR - This 1gnec13t35r255485 is invalid
03/06/2023 11:19:54 PM - ERROR - This 3gnaxlex7ls542188 is invalid
03/06/2023 11:19:54 PM - ERROR - This 1Gnek13t4yj202154 is invalid
03/06/2023 11:19:55 PM - ERROR - This 1gnalaek4fz141094 is invalid
03/06/2023 11:19:55 PM - ERROR - This 1g1yb2d47m5111278 is invalid
03/06/2023 11:19:55 PM - ERROR - This 1g1ya2dw8d5109267 is invalid
03/06/2023 11:19:55 PM - ERROR - This 2gnaxsev4j6333298 is invalid
03/06/2023 11:19:55 PM - ERROR - This 1gnec13z53j331076 is invalid
03/06/2023 11:19:56 PM - ERROR - This 1Gnskskd6mr221223 is invalid
03/06/2023 11:19:57 PM - ERROR - This 1G1NE52J03m570970 is invalid
03/06/2023 11:19:57 PM - ERROR - This 1G1YY0789G5100661 is invalid
03/06/2023 11:19:57 PM - ERROR - This 1GNSKPKD3MR456725 is invalid
03/06/2023 11:19:57 PM - ERROR - This 1gnek13t61r121809 is invalid
03/06/2023 11:19:58 PM - ERROR - This 1gnfk13087j247266 is invalid
03/06/2023 11:19:58 PM - ERROR - This 1gnfc13c68r248376 is invalid
03/06/2023 11:19:58 PM - ERROR - This 1gnec13tx3r163254 is invalid
03/06/2023 11:19:59 PM - ERROR - This 1g1zd5eb8af305935 is invalid
03/06/2023 11:19:59 PM - ERROR - This 1g1zh57b29f241842 is invalid
03/06/2023 11:20:00 PM - ERROR - This 1g11e5sa4gf136866 is invalid
03/06/2023 11:20:00 PM - ERROR - This 1gnscakc3fr727741 is invalid
03/06/2023 11:20:00 PM - ERROR - This 1g1yy26wx85129423 is invalid
03/06/2023 11:20:01 PM - ERROR - This 2gnaldek9d1130034 is invalid
03/06/2023 11:20:02 PM - ERROR - This 1G1YY22PXT5119174 is invalid
03/06/2023 11:20:02 PM - ERROR - This 1g1yy22g245114536 is invalid
03/06/2023 11:20:02 PM - ERROR - This 1g1ay8765bs424148 is invalid
03/06/2023 11:20:02 PM - ERROR - This 1g1yb2d73e5111340 is invalid
03/06/2023 11:20:03 PM - ERROR - This 1gnskbe05br109745 is invalid
03/06/2023 11:20:03 PM - ERROR - This 1g1yg3dw7b5110105 is invalid
03/06/2023 11:20:04 PM - ERROR - This 1g1zc5eb7a4125652 is invalid
03/06/2023 11:20:04 PM - ERROR - This 1g1ze5stxgf243568 is invalid
03/06/2023 11:20:04 PM - ERROR - This 1g1zD5e71af135087 is invalid
03/06/2023 11:20:04 PM - ERROR - This 3gnec16t11g112749 is invalid
03/06/2023 11:20:05 PM - ERROR - This 1g1zt54855f289112 is invalid
03/06/2023 11:20:05 PM - ERROR - This 2gnfleek1h6233890 is invalid
03/06/2023 11:20:05 PM - ERROR - This 1G8EK16LXGF145734 is invalid
03/06/2023 11:20:06 PM - ERROR - This Kl8cb6s96dc502532 is invalid
03/06/2023 11:20:06 PM - ERROR - This 1gnek13z06j141774 is invalid
03/06/2023 11:20:06 PM - ERROR - This 2cnflcec3b6363243 is invalid
03/06/2023 11:20:06 PM - ERROR - This 1G1Zd5st6jf237471 is invalid
03/06/2023 11:20:06 PM - ERROR - This +1GNEK13Z72J288006 is invalid
03/06/2023 11:20:07 PM - ERROR - This 1G1AY0786E5129758 is invalid
03/06/2023 11:20:07 PM - ERROR - This 1gnek13t45j197145 is invalid
03/06/2023 11:20:07 PM - ERROR - This 1g1zd5st3kf112865 is invalid
03/06/2023 11:20:07 PM - ERROR - This 1g1zs52f55f240304 is invalid
03/06/2023 11:20:08 PM - ERROR - This 1g1ze5eu3bf396001 is invalid
03/06/2023 11:20:08 PM - ERROR - This 1G1AY8780C5122560 is invalid
03/06/2023 11:20:08 PM - ERROR - This 1gnfk16z74j220307 is invalid
03/06/2023 11:20:09 PM - ERROR - This 3gngk16F7xg162151 is invalid
03/06/2023 11:20:09 PM - ERROR - This 1G1YY23P5P5112895 is invalid
03/06/2023 11:20:09 PM - ERROR - This 1g1yy36w285117224 is invalid
03/06/2023 11:20:09 PM - ERROR - This 1G1ze5e17bf361922 is invalid
03/06/2023 11:20:09 PM - ERROR - This 1g1ay8783c5118504 is invalid
03/06/2023 11:20:11 PM - ERROR - This 1g1zj57b49f167375 is invalid
03/06/2023 11:20:11 PM - ERROR - This 1g1ay0785e5122137 is invalid
03/06/2023 11:20:11 PM - ERROR - This 1g1yy22g225134671 is invalid
03/06/2023 11:20:12 PM - ERROR - This 2GnFLEE31D6101182 is invalid
03/06/2023 11:20:12 PM - ERROR - This 3gnfk16t43g170090 is invalid
03/06/2023 11:20:13 PM - ERROR - This 1g11h5sa8du126050 is invalid
03/06/2023 11:20:13 PM - ERROR - This 1g1yy26ex65124131 is invalid
03/06/2023 11:20:13 PM - ERROR - This 1G1Yy26UX75132061 is invalid
03/06/2023 11:20:14 PM - ERROR - This 1gnec13z02r126328 is invalid
03/06/2023 11:20:14 PM - ERROR - This 1G1YY22P6S5105027 is invalid
03/06/2023 11:20:14 PM - ERROR - This 1gnfc16j37j174020 is invalid
03/06/2023 11:20:14 PM - ERROR - This 1G1YY0788G5112235 is invalid
03/06/2023 11:20:14 PM - ERROR - This 1g1yy6782g5904383 is invalid
03/06/2023 11:20:14 PM - ERROR - This 1g1yy12sx15131854 is invalid
03/06/2023 11:20:15 PM - ERROR - This 1G1YY32P8S5100093 is invalid
03/06/2023 11:20:16 PM - ERROR - This 2gnaxkev5l6169840 is invalid
03/06/2023 11:20:17 PM - ERROR - This 1g1yb2d78k5117355 is invalid
03/06/2023 11:20:17 PM - ERROR - This 3gnaxkev1ks620875 is invalid
03/06/2023 11:20:17 PM - ERROR - This 2gnaxvex5l6122746 is invalid
03/06/2023 11:20:18 PM - ERROR - This 1gnskckc7gr137168 is invalid
03/06/2023 11:20:19 PM - ERROR - This 1gnek13tx1r192527 is invalid
03/06/2023 11:20:19 PM - ERROR - This 1g1yy26e875100329 is invalid
03/06/2023 11:20:20 PM - ERROR - This 1gnskke76er107178 is invalid
03/06/2023 11:20:20 PM - ERROR - This ++1G1ZB5STXHF189327 is invalid
03/06/2023 11:20:20 PM - ERROR - This 1g1zb5e11bf200412 is invalid
03/06/2023 11:20:21 PM - ERROR - This 2gnalfek6c6109610 is invalid
03/06/2023 11:20:22 PM - ERROR - This 1g1yd3d70g5115848 is invalid
03/06/2023 11:20:22 PM - ERROR - This 1gnfk16338j108749 is invalid
03/06/2023 11:20:22 PM - ERROR - This 1gnec16tx2j282835 is invalid
03/06/2023 11:20:22 PM - ERROR - This 2gnfleek0f6213949 is invalid
03/06/2023 11:20:22 PM - ERROR - This 1GNSKBE01DRSNR225 is invalid
03/06/2023 11:20:23 PM - ERROR - This 1g1nd52j43m520155 is invalid
03/06/2023 11:20:23 PM - ERROR - This 1gnsknkd3mr146529 is invalid
03/06/2023 11:20:23 PM - ERROR - This 1g1yy22p8s5116028 is invalid
03/06/2023 11:20:24 PM - ERROR - This 1g1yy24ux55109038 is invalid
03/06/2023 11:20:24 PM - ERROR - This 3gnaxleu0js545324 is invalid
03/06/2023 11:20:24 PM - ERROR - This 3gnaxhevxls527549 is invalid
03/06/2023 11:20:24 PM - ERROR - This 1gnukhe39ar155714 is invalid
03/06/2023 11:20:25 PM - ERROR - This 1gnscjkc6fr605603 is invalid
03/06/2023 11:20:25 PM - ERROR - This 1GNSKCKD1MR472124 is invalid
03/06/2023 11:20:25 PM - ERROR - This 2cnflfey4a6382654 is invalid
03/06/2023 11:20:25 PM - ERROR - This 1gnskhkc8gr223442 is invalid
03/06/2023 11:20:26 PM - ERROR - This 1gNEK13T86R109278 is invalid
03/06/2023 11:20:26 PM - ERROR - This 1G1YY0789F5112128 is invalid
03/06/2023 11:20:27 PM - ERROR - This 2gnalcek8f6130669 is invalid
03/06/2023 11:20:27 PM - ERROR - This 1gnskhkc5gr108183 is invalid
03/06/2023 11:20:28 PM - ERROR - This 1G1zk577294175396 is invalid
03/06/2023 11:20:28 PM - ERROR - This 2gnfleek2f6228307 is invalid
03/06/2023 11:20:28 PM - ERROR - This 1G1YY0781G5106602 is invalid
03/06/2023 11:20:28 PM - ERROR - This 1gnskckd1mr416281 is invalid
03/06/2023 11:20:30 PM - ERROR - This 2gnaxkev4k6289160 is invalid
03/06/2023 11:20:32 PM - ERROR - This 1g1ze5e07cf144167 is invalid
03/06/2023 11:20:32 PM - ERROR - This 1gnscjkc4fr170919 is invalid
03/06/2023 11:20:33 PM - ERROR - This 3GneK18r7vg146348 is invalid
03/06/2023 11:20:34 PM - ERROR - This 1gnek13r7vj424719 is invalid
03/06/2023 11:20:34 PM - ERROR - This 2cnalbew3a6320793 is invalid
03/06/2023 11:20:34 PM - ERROR - This 2GNALaEK2F6152753 is invalid
03/06/2023 11:20:35 PM - ERROR - This 3gnec16tx1g216477 is invalid
03/06/2023 11:20:36 PM - ERROR - This 2gnaldek1g6169191 is invalid
03/06/2023 11:20:36 PM - ERROR - This 1g1ze5stxhf248660 is invalid
03/06/2023 11:20:36 PM - ERROR - This 1gnwk5eg9dr246691 is invalid
03/06/2023 11:20:37 PM - ERROR - This 1g1ya2d73h5111197 is invalid
03/06/2023 11:20:38 PM - ERROR - This 1gnfc13j77r113307 is invalid
03/06/2023 11:20:39 PM - ERROR - This 1g1ym3d7xe5400263 is invalid
03/06/2023 11:20:40 PM - ERROR - This 1G11H5Sl8Ef206682 is invalid
03/06/2023 11:20:40 PM - ERROR - This 1g1zc5e04cf370074 is invalid
03/06/2023 11:20:41 PM - ERROR - This 1g1zb5e1xbf162176 is invalid
03/06/2023 11:20:41 PM - ERROR - This 1g1yk2d77g5118293 is invalid
03/06/2023 11:20:42 PM - ERROR - This 2cnflgey5a6253537 is invalid
03/06/2023 11:20:42 PM - ERROR - This 1G1YY23P0P5104073 is invalid
03/06/2023 11:20:43 PM - ERROR - This 1g1yy26w785121604 is invalid
03/06/2023 11:20:43 PM - ERROR - This 1gnfc13538r205664 is invalid
03/06/2023 11:20:44 PM - ERROR - This 1gnfk23029r275011 is invalid
03/06/2023 11:20:44 PM - ERROR - This +1GNFK130X8J150460 is invalid
03/06/2023 11:20:45 PM - ERROR - This 1g1yy218xh5103719 is invalid
03/06/2023 11:20:45 PM - ERROR - This 1G1YY32P1T5119098 is invalid
03/06/2023 11:20:46 PM - ERROR - This 2cnaldew4a6234985 is invalid
03/06/2023 11:20:46 PM - ERROR - This 1gnec16r1xj438224 is invalid
03/06/2023 11:20:46 PM - ERROR - This 1gnskdkd8mr441605 is invalid
03/06/2023 11:20:48 PM - ERROR - This 1gnfk13088r218398 is invalid
03/06/2023 11:20:48 PM - ERROR - This 1gngk26n9pj300493 is invalid
03/06/2023 11:20:49 PM - ERROR - This 1g1yy22g8y5123165 is invalid
03/06/2023 11:20:50 PM - ERROR - This 1g1yn2d6xj5602366 is invalid
03/06/2023 11:20:50 PM - ERROR - This 1gnskke79cr202279 is invalid
03/06/2023 11:48:09 PM - ERROR - This 1gnscckj9lr106753 is invalid
03/06/2023 11:48:09 PM - ERROR - This 1g1yy33p4n5112793 is invalid
03/06/2023 11:48:09 PM - ERROR - This 1gnskskd1mr275027 is invalid
03/06/2023 11:48:09 PM - ERROR - This 1g1za5eu9cf388322 is invalid
03/06/2023 11:48:09 PM - ERROR - This 1gnfc33j89r163938 is invalid
03/06/2023 11:48:10 PM - ERROR - This 1gnalbek7dz110151 is invalid
03/06/2023 11:48:11 PM - ERROR - This 1G1AY8764BS429549 is invalid
03/06/2023 11:48:11 PM - ERROR - This 1g11a5sl5ff126827 is invalid
03/06/2023 11:48:12 PM - ERROR - This 1gnek13t93r106658 is invalid
03/06/2023 11:48:13 PM - ERROR - This 2cnaldec2b6255163 is invalid
03/06/2023 11:48:14 PM - ERROR - This 1g1yy25w785122379 is invalid
03/06/2023 11:48:14 PM - ERROR - This 2gnaldek2c6145248 is invalid
03/06/2023 11:48:14 PM - ERROR - This 1g1yy0785f5102342 is invalid
03/06/2023 11:48:14 PM - ERROR - This 3gnfk16z35g199894 is invalid
03/06/2023 11:48:15 PM - ERROR - This 1gnskbkc0jr341196 is invalid
03/06/2023 11:48:15 PM - ERROR - This 1G1YY32P2T5117828 is invalid
03/06/2023 11:48:15 PM - ERROR - This 1G1YY22P7R5108691 is invalid
03/06/2023 11:48:15 PM - ERROR - This 1gnskhkc3hr300400 is invalid
03/06/2023 11:48:15 PM - ERROR - This 2gnaxhev8j6140932 is invalid
03/06/2023 11:48:15 PM - ERROR - This 1g1ze5stxhf275664 is invalid
03/06/2023 11:48:15 PM - ERROR - This 1gnec13t35r255485 is invalid
03/06/2023 11:48:15 PM - ERROR - This 1G1AY0786E5110305 is invalid
03/06/2023 11:48:16 PM - ERROR - This 3gnaxlex7ls542188 is invalid
03/06/2023 11:48:16 PM - ERROR - This 1Gnek13t4yj202154 is invalid
03/06/2023 11:48:16 PM - ERROR - This 1g1ya2dw8d5109267 is invalid
03/06/2023 11:48:16 PM - ERROR - This 1gnalaek4fz141094 is invalid
03/06/2023 11:48:16 PM - ERROR - This 2gnaxsev4j6333298 is invalid
03/06/2023 11:48:16 PM - ERROR - This 1gnec13z53j331076 is invalid
03/06/2023 11:48:17 PM - ERROR - This 1g1yb2d47m5111278 is invalid
03/06/2023 11:48:17 PM - ERROR - This 1Gnskskd6mr221223 is invalid
03/06/2023 11:48:17 PM - ERROR - This 1G1YY0789G5100661 is invalid
03/06/2023 11:48:17 PM - ERROR - This 1G1NE52J03m570970 is invalid
03/06/2023 11:48:17 PM - ERROR - This 1GNSKPKD3MR456725 is invalid
03/06/2023 11:48:18 PM - ERROR - This 1gnek13t61r121809 is invalid
03/06/2023 11:48:18 PM - ERROR - This 1gnfk13087j247266 is invalid
03/06/2023 11:48:18 PM - ERROR - This 1gnec13tx3r163254 is invalid
03/06/2023 11:48:18 PM - ERROR - This 1gnfc13c68r248376 is invalid
03/06/2023 11:48:18 PM - ERROR - This 1g1zd5eb8af305935 is invalid
03/06/2023 11:48:19 PM - ERROR - This 1g1zh57b29f241842 is invalid
03/06/2023 11:48:19 PM - ERROR - This 1g11e5sa4gf136866 is invalid
03/06/2023 11:48:19 PM - ERROR - This 1gnscakc3fr727741 is invalid
03/06/2023 11:48:20 PM - ERROR - This 1g1yy26wx85129423 is invalid
03/06/2023 11:48:20 PM - ERROR - This 1G1YY22PXT5119174 is invalid
03/06/2023 11:48:20 PM - ERROR - This 2gnaldek9d1130034 is invalid
03/06/2023 11:48:21 PM - ERROR - This 1g1yy22g245114536 is invalid
03/06/2023 11:48:21 PM - ERROR - This 1g1ay8765bs424148 is invalid
03/06/2023 11:48:21 PM - ERROR - This 1gnskbe05br109745 is invalid
03/06/2023 11:48:21 PM - ERROR - This 1g1yg3dw7b5110105 is invalid
03/06/2023 11:48:21 PM - ERROR - This 1g1yb2d73e5111340 is invalid
03/06/2023 11:48:22 PM - ERROR - This 1g1zc5eb7a4125652 is invalid
03/06/2023 11:48:22 PM - ERROR - This 1g1zD5e71af135087 is invalid
03/06/2023 11:48:22 PM - ERROR - This 1g1ze5stxgf243568 is invalid
03/06/2023 11:48:22 PM - ERROR - This 3gnec16t11g112749 is invalid
03/06/2023 11:48:23 PM - ERROR - This 1g1zt54855f289112 is invalid
03/06/2023 11:48:23 PM - ERROR - This 2gnfleek1h6233890 is invalid
03/06/2023 11:48:23 PM - ERROR - This 1G8EK16LXGF145734 is invalid
03/06/2023 11:48:23 PM - ERROR - This Kl8cb6s96dc502532 is invalid
03/06/2023 11:48:23 PM - ERROR - This 1gnek13z06j141774 is invalid
03/06/2023 11:48:23 PM - ERROR - This 1G1Zd5st6jf237471 is invalid
03/06/2023 11:48:24 PM - ERROR - This 2cnflcec3b6363243 is invalid
03/06/2023 11:48:24 PM - ERROR - This +1GNEK13Z72J288006 is invalid
03/06/2023 11:48:24 PM - ERROR - This 1G1AY0786E5129758 is invalid
03/06/2023 11:48:24 PM - ERROR - This 1g1zd5st3kf112865 is invalid
03/06/2023 11:48:24 PM - ERROR - This 1gnek13t45j197145 is invalid
03/06/2023 11:48:24 PM - ERROR - This 1g1zs52f55f240304 is invalid
03/06/2023 11:48:25 PM - ERROR - This 1g1ze5eu3bf396001 is invalid
03/06/2023 11:48:25 PM - ERROR - This 1G1AY8780C5122560 is invalid
03/06/2023 11:48:25 PM - ERROR - This 1gnfk16z74j220307 is invalid
03/06/2023 11:48:25 PM - ERROR - This 3gngk16F7xg162151 is invalid
03/06/2023 11:48:26 PM - ERROR - This 1G1ze5e17bf361922 is invalid
03/06/2023 11:48:26 PM - ERROR - This 1G1YY23P5P5112895 is invalid
03/06/2023 11:48:26 PM - ERROR - This 1g1yy36w285117224 is invalid
03/06/2023 11:48:26 PM - ERROR - This 1g1ay8783c5118504 is invalid
03/06/2023 11:48:27 PM - ERROR - This 1g1zj57b49f167375 is invalid
03/06/2023 11:48:27 PM - ERROR - This 1g1yy22g225134671 is invalid
03/06/2023 11:48:27 PM - ERROR - This 1g1ay0785e5122137 is invalid
03/06/2023 11:48:28 PM - ERROR - This 2GnFLEE31D6101182 is invalid
03/06/2023 11:48:28 PM - ERROR - This 3gnfk16t43g170090 is invalid
03/06/2023 11:48:28 PM - ERROR - This 1g11h5sa8du126050 is invalid
03/06/2023 11:48:28 PM - ERROR - This 1g1yy26ex65124131 is invalid
03/06/2023 11:48:28 PM - ERROR - This 1G1Yy26UX75132061 is invalid
03/06/2023 11:48:28 PM - ERROR - This 1gnec13z02r126328 is invalid
03/06/2023 11:48:29 PM - ERROR - This 1gnfc16j37j174020 is invalid
03/06/2023 11:48:29 PM - ERROR - This 1G1YY22P6S5105027 is invalid
03/06/2023 11:48:29 PM - ERROR - This 1g1yy6782g5904383 is invalid
03/06/2023 11:48:29 PM - ERROR - This 1G1YY0788G5112235 is invalid
03/06/2023 11:48:29 PM - ERROR - This 1g1yy12sx15131854 is invalid
03/06/2023 11:48:29 PM - ERROR - This 1G1YY32P8S5100093 is invalid
03/06/2023 11:48:30 PM - ERROR - This 2gnaxkev5l6169840 is invalid
03/06/2023 11:48:31 PM - ERROR - This 1g1yb2d78k5117355 is invalid
03/06/2023 11:48:31 PM - ERROR - This 3gnaxkev1ks620875 is invalid
03/06/2023 11:48:31 PM - ERROR - This 2gnaxvex5l6122746 is invalid
03/06/2023 11:48:31 PM - ERROR - This 1gnskckc7gr137168 is invalid
03/06/2023 11:48:32 PM - ERROR - This 1g1yy26e875100329 is invalid
03/06/2023 11:48:32 PM - ERROR - This 1gnek13tx1r192527 is invalid
03/06/2023 11:48:32 PM - ERROR - This ++1G1ZB5STXHF189327 is invalid
03/06/2023 11:48:32 PM - ERROR - This 2gnalfek6c6109610 is invalid
03/06/2023 11:48:33 PM - ERROR - This 1g1zb5e11bf200412 is invalid
03/06/2023 11:48:33 PM - ERROR - This 1gnskke76er107178 is invalid
03/06/2023 11:48:33 PM - ERROR - This 1gnfk16338j108749 is invalid
03/06/2023 11:48:33 PM - ERROR - This 1g1yd3d70g5115848 is invalid
03/06/2023 11:48:33 PM - ERROR - This 1gnec16tx2j282835 is invalid
03/06/2023 11:48:34 PM - ERROR - This 2gnfleek0f6213949 is invalid
03/06/2023 11:48:34 PM - ERROR - This 1GNSKBE01DRSNR225 is invalid
03/06/2023 11:48:34 PM - ERROR - This 1g1nd52j43m520155 is invalid
03/06/2023 11:48:34 PM - ERROR - This 1gnsknkd3mr146529 is invalid
03/06/2023 11:48:34 PM - ERROR - This 1g1yy22p8s5116028 is invalid
03/06/2023 11:48:34 PM - ERROR - This 3gnaxhevxls527549 is invalid
03/06/2023 11:48:34 PM - ERROR - This 1g1yy24ux55109038 is invalid
03/06/2023 11:48:34 PM - ERROR - This 1gnukhe39ar155714 is invalid
03/06/2023 11:48:34 PM - ERROR - This 3gnaxleu0js545324 is invalid
03/06/2023 11:48:35 PM - ERROR - This 1gnscjkc6fr605603 is invalid
03/06/2023 11:48:35 PM - ERROR - This 1GNSKCKD1MR472124 is invalid
03/06/2023 11:48:35 PM - ERROR - This 2cnflfey4a6382654 is invalid
03/06/2023 11:48:35 PM - ERROR - This 1gnskhkc8gr223442 is invalid
03/06/2023 11:48:35 PM - ERROR - This 1gNEK13T86R109278 is invalid
03/06/2023 11:48:36 PM - ERROR - This 1G1YY0789F5112128 is invalid
03/06/2023 11:48:36 PM - ERROR - This 2gnalcek8f6130669 is invalid
03/06/2023 11:48:36 PM - ERROR - This 1gnskhkc5gr108183 is invalid
03/06/2023 11:48:36 PM - ERROR - This 1G1zk577294175396 is invalid
03/06/2023 11:48:36 PM - ERROR - This 2gnfleek2f6228307 is invalid
03/06/2023 11:48:37 PM - ERROR - This 1G1YY0781G5106602 is invalid
03/06/2023 11:48:37 PM - ERROR - This 1gnskckd1mr416281 is invalid
03/06/2023 11:48:38 PM - ERROR - This 2gnaxkev4k6289160 is invalid
03/06/2023 11:48:39 PM - ERROR - This 1g1ze5e07cf144167 is invalid
03/06/2023 11:48:39 PM - ERROR - This 1gnscjkc4fr170919 is invalid
03/06/2023 11:48:40 PM - ERROR - This 3GneK18r7vg146348 is invalid
03/06/2023 11:48:40 PM - ERROR - This 1gnek13r7vj424719 is invalid
03/06/2023 11:48:40 PM - ERROR - This 2cnalbew3a6320793 is invalid
03/06/2023 11:48:41 PM - ERROR - This 2GNALaEK2F6152753 is invalid
03/06/2023 11:48:41 PM - ERROR - This 3gnec16tx1g216477 is invalid
03/06/2023 11:48:41 PM - ERROR - This 2gnaldek1g6169191 is invalid
03/06/2023 11:48:41 PM - ERROR - This 1g1ze5stxhf248660 is invalid
03/06/2023 11:48:42 PM - ERROR - This 1gnwk5eg9dr246691 is invalid
03/06/2023 11:48:42 PM - ERROR - This 1g1ya2d73h5111197 is invalid
03/06/2023 11:48:43 PM - ERROR - This 1gnfc13j77r113307 is invalid
03/06/2023 11:48:43 PM - ERROR - This 1g1ym3d7xe5400263 is invalid
03/06/2023 11:48:43 PM - ERROR - This 1G11H5Sl8Ef206682 is invalid
03/06/2023 11:48:44 PM - ERROR - This 1g1zc5e04cf370074 is invalid
03/06/2023 11:48:44 PM - ERROR - This 1g1zb5e1xbf162176 is invalid
03/06/2023 11:48:44 PM - ERROR - This 1g1yk2d77g5118293 is invalid
03/06/2023 11:48:44 PM - ERROR - This 2cnflgey5a6253537 is invalid
03/06/2023 11:48:45 PM - ERROR - This 1G1YY23P0P5104073 is invalid
03/06/2023 11:48:45 PM - ERROR - This 1g1yy26w785121604 is invalid
03/06/2023 11:48:45 PM - ERROR - This 1gnfc13538r205664 is invalid
03/06/2023 11:48:45 PM - ERROR - This 1gnfk23029r275011 is invalid
03/06/2023 11:48:46 PM - ERROR - This +1GNFK130X8J150460 is invalid
03/06/2023 11:48:46 PM - ERROR - This 1g1yy218xh5103719 is invalid
03/06/2023 11:48:46 PM - ERROR - This 1G1YY32P1T5119098 is invalid
03/06/2023 11:48:46 PM - ERROR - This 2cnaldew4a6234985 is invalid
03/06/2023 11:48:46 PM - ERROR - This 1gnec16r1xj438224 is invalid
03/06/2023 11:48:47 PM - ERROR - This 1gnskdkd8mr441605 is invalid
03/06/2023 11:48:47 PM - ERROR - This 1gnfk13088r218398 is invalid
03/06/2023 11:48:48 PM - ERROR - This 1gngk26n9pj300493 is invalid
03/06/2023 11:48:48 PM - ERROR - This 1g1yy22g8y5123165 is invalid
03/06/2023 11:48:48 PM - ERROR - This 1g1yn2d6xj5602366 is invalid
03/06/2023 11:48:49 PM - ERROR - This 1gnskke79cr202279 is invalid
03/06/2023 11:48:49 PM - WARNING - Connection pool is full, discarding connection: www.chevrolet.com. Connection pool size: 10
03/06/2023 11:48:49 PM - WARNING - Connection pool is full, discarding connection: www.chevrolet.com. Connection pool size: 10
